<?xml version="1.0" encoding="UTF-8"?>
<!-- Generated by org.testng.reporters.JUnitReportReporter -->
<testsuite hostname="is-2218s-MacBook-Pro.local" name="adb.sample.api.AdbTest" tests="3" failures="0" timestamp="11 Jun 2018 00:54:00 GMT" time="0.064" errors="0">
  <testcase name="testHello" time="0.007" classname="adb.sample.api.AdbTest"/>
  <testcase name="dummy" time="0.055" classname="adb.sample.api.AdbTest"/>
  <testcase name="testHelloWithParams" time="0.002" classname="adb.sample.api.AdbTest"/>
</testsuite> <!-- adb.sample.api.AdbTest -->
