<?xml version="1.0" encoding="UTF-8"?>
<!-- Generated by org.testng.reporters.JUnitReportReporter -->
<testsuite hostname="is-2218s-MacBook-Pro.local" name="AdbTest" tests="2" failures="0" timestamp="11 Jun 2018 00:44:11 GMT" time="0.021" errors="0">
  <testcase name="dummy" time="0.016" classname="AdbTest"/>
  <testcase name="testHello" time="0.005" classname="AdbTest"/>
</testsuite> <!-- AdbTest -->
